{"level":"info","message":"Server is started at http://localhost:3300"}
{"level":"info","message":"Server is started at http://localhost:3300"}
{"message":"Server is started at http://localhost:3300","level":"info","service":"user-service"}
{"message":"Server is started at http://localhost:3300","level":"info"}
{"message":"Server is started at http://localhost:3300","level":"warn"}
{"message":"Server is started at http://localhost:3300","level":"info"}
{"message":"Server is started at http://localhost:3300","level":"info"}
{"message":"Server is started at http://localhost:3300","level":"info"}
{"message":"Server is started at http://localhost:3300","level":"info"}
{"message":"Server is started at http://localhost:3300","level":"info"}
{"message":"Server is started at http://localhost:3300","level":"info"}
{"message":"Server is started at http://localhost:3300","level":"info"}
{"message":"Server is started at http://localhost:3300","level":"info"}
{"message":"Server is started at http://localhost:3300","level":"info"}
{"message":"Server is started at http://localhost:3300","level":"info"}
{"message":"Server is started at http://localhost:3300","level":"info"}
{"message":"Server is started at http://localhost:3300","level":"info"}
{"message":"Server is started at http://localhost:3300","level":"info"}
{"message":"Server is started at http://localhost:3300","level":"info"}
{"message":"Server is started at http://localhost:3300","level":"info"}
{"message":"Server is started at http://localhost:3300","level":"info"}
{"message":"Server is started at http://localhost:3300","level":"info"}
{"message":"Server is started at http://localhost:3300","level":"info"}
{"message":"# Connected to MongoDB!","level":"info"}
{"level":"info"}
{"message":"Server is started at http://localhost:3300","level":"info"}
{"message":"# Connected to MongoDB!","level":"info"}
{"level":"info"}
{"message":"Server is started at http://localhost:3300","level":"info"}
{"message":"# Connected to MongoDB!","level":"info"}
{"level":"info"}
{"message":"Server is started at http://localhost:3300","level":"info"}
{"message":"# Connected to MongoDB!","level":"info"}
{"level":"info"}
{"message":"Server is started at http://localhost:3300","level":"info"}
{"message":"# Connected to MongoDB!","level":"info"}
{"message":"Server is started at http://localhost:3300","level":"info"}
{"message":"Server is started at http://localhost:3300","level":"info"}
{"message":"# Connected to MongoDB!","level":"info"}
{"message":"Server is started at http://localhost:3300","level":"info"}
{"message":"# Connected to MongoDB!","level":"info"}
{"level":"error"}
{"message":"Server is started at http://localhost:3300","level":"info"}
{"message":"# Connected to MongoDB!","level":"info"}
{"level":"error"}
{"message":"Server is started at http://localhost:3300","level":"info"}
{"message":"# Connected to MongoDB!","level":"info"}
{"message":"Server is started at http://localhost:3300","level":"info"}
{"message":"# Connected to MongoDB!","level":"info"}
{"message":"Server is started at http://localhost:3300","level":"info"}
{"message":"# Connected to MongoDB!","level":"info"}
{"message":"Server is started at http://localhost:3300","level":"info"}
{"message":"# Connected to MongoDB!","level":"info"}
{"message":"Server is started at http://localhost:3300","level":"info"}
{"message":"# Connected to MongoDB!","level":"info"}
{"message":"Server is started at http://localhost:3300","level":"info"}
{"message":"# Connected to MongoDB!","level":"info"}
{"message":"Server is started at http://localhost:3300","level":"info"}
{"message":"# Connected to MongoDB!","level":"info"}
{"message":"Server is started at http://localhost:3300","level":"info"}
{"message":"# Connected to MongoDB!","level":"info"}
{"message":"Server is started at http://localhost:3300","level":"info"}
{"message":"# Connected to MongoDB!","level":"info"}
{"message":"Server is started at http://localhost:3300","level":"info"}
{"message":"# Connected to MongoDB!","level":"info"}
{"message":"Server is started at http://localhost:3300","level":"info"}
{"message":"# Connected to MongoDB!","level":"info"}
{"message":"Server is started at http://localhost:3300","level":"info"}
{"message":"# Connected to MongoDB!","level":"info"}
{"message":"Server is started at http://localhost:3300","level":"info"}
{"message":"# Connected to MongoDB!","level":"info"}
{"message":"Server is started at http://localhost:3300","level":"info"}
{"message":"# Connected to MongoDB!","level":"info"}
{"message":"Server is started at http://localhost:3300","level":"info"}
{"message":"# Connected to MongoDB!","level":"info"}
{"message":"Server is started at http://localhost:3300","level":"info"}
{"message":"# Connected to MongoDB!","level":"info"}
{"message":"Server is started at http://localhost:3300","level":"info"}
{"message":"# Connected to MongoDB!","level":"info"}
{"message":"# Initial Controllers","level":"info"}
{"message":"Server is started at http://localhost:3300","level":"info"}
{"message":"# Connected to MongoDB!","level":"info"}
{"message":"Server is started at http://localhost:3300","level":"info"}
{"message":"# Connected to MongoDB!","level":"info"}
{"message":"# Initial Controllers","level":"info"}
{"message":"Server is started at http://localhost:3300","level":"info"}
{"message":"# Connected to MongoDB!","level":"info"}
{"message":"# Initial Controllers","level":"info"}
{"message":"Server is started at http://localhost:3300","level":"info"}
{"message":"# Connected to MongoDB!","level":"info"}
{"message":"# Initial Controllers","level":"info"}
{"message":"Server is started at http://localhost:3300","level":"info"}
{"message":"# Connected to MongoDB!","level":"info"}
{"message":"# Initial Controllers","level":"info"}
{"message":"Server is started at http://localhost:3300","level":"info"}
{"message":"# Connected to MongoDB!","level":"info"}
{"message":"# Initial Controllers","level":"info"}
{"message":"Server is started at http://localhost:3300","level":"info"}
{"message":"# Connected to MongoDB!","level":"info"}
{"message":"# Initial Controllers","level":"info"}
{"message":"# Initial Controllers","level":"info"}
{"message":"Server is started at http://localhost:3300","level":"info"}
{"message":"# Connected to MongoDB!","level":"info"}
{"message":"Server is started at http://localhost:3300","level":"info"}
{"message":"# Connected to MongoDB!","level":"info"}
{"message":"# Initial Controllers","level":"info"}
{"message":"Server is started at http://localhost:3300","level":"info"}
{"message":"# Connected to MongoDB!","level":"info"}
{"message":"# Initial Controllers","level":"info"}
{"message":"Server is started at http://localhost:3300","level":"info"}
{"message":"# Connected to MongoDB!","level":"info"}
{"message":"# Initial Controllers","level":"info"}
{"message":"Server is started at http://localhost:3300","level":"info"}
{"message":"# Connected to MongoDB!","level":"info"}
{"message":"# Initial Controllers","level":"info"}
{"message":"Server is started at http://localhost:3300","level":"info"}
{"message":"# Connected to MongoDB!","level":"info"}
{"message":"# Initial Controllers","level":"info"}
{"message":"Server is started at http://localhost:3300","level":"info"}
{"message":"# Connected to MongoDB!","level":"info"}
{"message":"# Initial Controllers","level":"info"}
{"message":"Server is started at http://localhost:3300","level":"info"}
{"message":"# Connected to MongoDB!","level":"info"}
{"message":"# Initial Controllers","level":"info"}
{"message":"Server is started at http://localhost:3300","level":"info"}
{"message":"# Connected to MongoDB!","level":"info"}
{"message":"# Initial Controllers","level":"info"}
{"message":"Server is started at http://localhost:3300","level":"info"}
{"message":"# Connected to MongoDB!","level":"info"}
{"message":"Server is started at http://localhost:3300","level":"info"}
{"message":"# Connected to MongoDB!","level":"info"}
{"message":"# Initial Controllers","level":"info"}
{"message":"Server is started at http://localhost:3300","level":"info"}
{"message":"# Connected to MongoDB!","level":"info"}
{"message":"Server is started at http://localhost:3300","level":"info"}
{"message":"# Connected to MongoDB!","level":"info"}
{"message":"# Initial Controllers","level":"info"}
{"message":"Server is started at http://localhost:3300","level":"info"}
{"message":"# Connected to MongoDB!","level":"info"}
{"message":"# Initial Controllers","level":"info"}
{"message":"Server is started at http://localhost:3300","level":"info"}
{"message":"# Connected to MongoDB!","level":"info"}
{"message":"# Initial Controllers","level":"info"}
{"message":"Server is started at http://localhost:3300","level":"info"}
{"message":"# Connected to MongoDB!","level":"info"}
{"message":"# Initial Controllers","level":"info"}
{"message":"Server is started at http://localhost:3300","level":"info"}
{"message":"# Connected to MongoDB!","level":"info"}
{"message":"# Initial Controllers","level":"info"}
{"message":"Server is started at http://localhost:3300","level":"info"}
{"message":"# Connected to MongoDB!","level":"info"}
{"message":"# Initial Controllers","level":"info"}
{"message":"Server is started at http://localhost:3300","level":"info"}
{"message":"# Connected to MongoDB!","level":"info"}
{"message":"# Initial Controllers","level":"info"}
{"message":"# Initial Controllers","level":"info"}
{"message":"Server is started at http://localhost:3300","level":"info"}
{"message":"# Connected to MongoDB!","level":"info"}
{"message":"# Initial Controllers","level":"info"}
{"message":"Server is started at http://localhost:3300","level":"info"}
{"message":"# Connected to MongoDB!","level":"info"}
{"message":"# Initial Controllers","level":"info"}
{"message":"Server is started at http://localhost:3300","level":"info"}
{"message":"# Connected to MongoDB!","level":"info"}
{"message":"# Initial Controllers","level":"info"}
{"message":"Server is started at http://localhost:3300","level":"info"}
{"message":"# Connected to MongoDB!","level":"info"}
{"message":"# Initial Controllers","level":"info"}
{"message":"Server is started at http://localhost:3300","level":"info"}
{"message":"# Connected to MongoDB!","level":"info"}
{"message":"# Initial Controllers","level":"info"}
{"message":"Server is started at http://localhost:3300","level":"info"}
{"message":"# Connected to MongoDB!","level":"info"}
{"message":"# Initial Controllers","level":"info"}
{"message":"Server is started at http://localhost:3300","level":"info"}
{"message":"# Connected to MongoDB!","level":"info"}
{"message":"# Initial Controllers","level":"info"}
{"message":"Server is started at http://localhost:3300","level":"info"}
{"message":"# Connected to MongoDB!","level":"info"}
{"message":"# Initial Controllers","level":"info"}
{"message":"Server is started at http://localhost:3300","level":"info"}
{"message":"# Connected to MongoDB!","level":"info"}
{"message":"# Initial Controllers","level":"info"}
{"message":"Server is started at http://localhost:3300","level":"info"}
{"message":"# Connected to MongoDB!","level":"info"}
{"message":"# Initial Controllers","level":"info"}
{"message":"Server is started at http://localhost:3300","level":"info"}
{"message":"# Connected to MongoDB!","level":"info"}
{"message":"# Initial Controllers","level":"info"}
{"message":"Server is started at http://localhost:3300","level":"info"}
{"message":"# Connected to MongoDB!","level":"info"}
{"message":"# Initial Controllers","level":"info"}
{"message":"Server is started at http://localhost:3300","level":"info"}
{"message":"# Connected to MongoDB!","level":"info"}
{"message":"# Initial Controllers","level":"info"}
{"message":"Server is started at http://localhost:3300","level":"info"}
{"message":"# Connected to MongoDB!","level":"info"}
{"message":"# Initial Controllers","level":"info"}
{"message":"Server is started at http://localhost:3300","level":"info"}
{"message":"# Connected to MongoDB!","level":"info"}
{"message":"# Initial Controllers","level":"info"}
{"message":"Server is started at http://localhost:3300","level":"info"}
{"message":"# Connected to MongoDB!","level":"info"}
{"message":"# Initial Controllers","level":"info"}
{"message":"Server is started at http://localhost:3300","level":"info"}
{"message":"# Connected to MongoDB!","level":"info"}
{"message":"# Initial Controllers","level":"info"}
{"message":"Server is started at http://localhost:3300","level":"info"}
{"message":"# Connected to MongoDB!","level":"info"}
{"message":"# Initial Controllers","level":"info"}
{"message":"Server is started at http://localhost:3300","level":"info"}
{"message":"# Connected to MongoDB!","level":"info"}
{"message":"# Initial Controllers","level":"info"}
{"message":"Server is started at http://localhost:3300","level":"info"}
{"message":"# Connected to MongoDB!","level":"info"}
{"message":"# Initial Controllers","level":"info"}
{"message":"Server is started at http://localhost:3300","level":"info"}
{"message":"# Connected to MongoDB!","level":"info"}
{"message":"# Initial Controllers","level":"info"}
{"message":"Server is started at http://localhost:3300","level":"info"}
{"message":"# Connected to MongoDB!","level":"info"}
{"message":"# Initial Controllers","level":"info"}
{"message":"Server is started at http://localhost:3300","level":"info"}
{"message":"# Connected to MongoDB!","level":"info"}
{"message":"# Initial Controllers","level":"info"}
{"message":"Server is started at http://localhost:3300","level":"info"}
{"message":"# Connected to MongoDB!","level":"info"}
{"message":"# Initial Controllers","level":"info"}
{"message":"Server is started at http://localhost:3300","level":"info"}
{"message":"# Connected to MongoDB!","level":"info"}
{"message":"# Initial Controllers","level":"info"}
{"message":"Server is started at http://localhost:3300","level":"info"}
{"message":"# Connected to MongoDB!","level":"info"}
{"message":"# Initial Controllers","level":"info"}
{"message":"Server is started at http://localhost:3300","level":"info"}
{"message":"# Connected to MongoDB!","level":"info"}
{"message":"# Initial Controllers","level":"info"}
{"message":"Server is started at http://localhost:3300","level":"info"}
{"message":"# Connected to MongoDB!","level":"info"}
{"message":"# Initial Controllers","level":"info"}
{"message":"Server is started at http://localhost:3300","level":"info"}
{"message":"# Connected to MongoDB!","level":"info"}
{"message":"# Initial Controllers","level":"info"}
{"message":"Server is started at http://localhost:3300","level":"info"}
{"message":"# Connected to MongoDB!","level":"info"}
{"message":"# Initial Controllers","level":"info"}
{"message":"Server is started at http://localhost:3300","level":"info"}
{"message":"# Connected to MongoDB!","level":"info"}
{"message":"# Initial Controllers","level":"info"}
{"message":"Server is started at http://localhost:3300","level":"info"}
{"message":"# Connected to MongoDB!","level":"info"}
{"message":"# Initial Controllers","level":"info"}
{"message":"Server is started at http://localhost:3300","level":"info"}
{"message":"# Connected to MongoDB!","level":"info"}
{"message":"# Initial Controllers","level":"info"}
{"message":"Server is started at http://localhost:3300","level":"info"}
{"message":"# Connected to MongoDB!","level":"info"}
{"message":"# Initial Controllers","level":"info"}
{"message":"Server is started at http://localhost:3300","level":"info"}
{"message":"# Connected to MongoDB!","level":"info"}
{"message":"# Initial Controllers","level":"info"}
{"message":"Server is started at http://localhost:3300","level":"info"}
{"message":"# Connected to MongoDB!","level":"info"}
{"message":"# Initial Controllers","level":"info"}
{"message":"Server is started at http://localhost:3300","level":"info"}
{"message":"# Connected to MongoDB!","level":"info"}
{"message":"# Initial Controllers","level":"info"}
{"message":"Server is started at http://localhost:3300","level":"info"}
{"message":"# Connected to MongoDB!","level":"info"}
{"message":"# Initial Controllers","level":"info"}
{"message":"Server is started at http://localhost:3300","level":"info"}
{"message":"# Connected to MongoDB!","level":"info"}
{"message":"# Initial Controllers","level":"info"}
{"message":"Server is started at http://localhost:3300","level":"info"}
{"message":"# Connected to MongoDB!","level":"info"}
{"message":"# Initial Controllers","level":"info"}
{"message":"Server is started at http://localhost:3300","level":"info"}
{"message":"vao day kkkkkkkkkkk","level":"error"}
{"message":"vao day kkkkkkkkkkk","level":"error"}
{"message":"vao day kkkkkkkkkkk","level":"error"}
{"message":"vao day kkkkkkkkkkk","level":"error"}
{"message":"vao day kkkkkkkkkkk","level":"error"}
{"message":"# Connected to MongoDB!","level":"info"}
{"message":"# Initial Controllers","level":"info"}
{"message":"Server is started at http://localhost:3300","level":"info"}
{"message":"# Connected to MongoDB!","level":"info"}
{"message":"# Initial Controllers","level":"info"}
{"message":"Server is started at http://localhost:3000","level":"info"}
{"message":"# Connected to MongoDB!","level":"info"}
{"message":"# Initial Controllers","level":"info"}
{"message":"Server is started at http://localhost:3000","level":"info"}
{"message":"# Connected to MongoDB!","level":"info"}
{"message":"# Initial Controllers","level":"info"}
{"message":"Server is started at http://localhost:3000","level":"info"}
{"message":"# Connected to MongoDB!","level":"info"}
{"message":"# Initial Controllers","level":"info"}
{"message":"Server is started at http://localhost:3000","level":"info"}
{"message":"# Connected to MongoDB!","level":"info"}
{"message":"# Initial Controllers","level":"info"}
{"message":"Server is started at http://localhost:3000","level":"info"}
{"message":"# Connected to MongoDB!","level":"info"}
{"message":"# Initial Controllers","level":"info"}
{"message":"Server is started at http://localhost:3000","level":"info"}
{"message":"# Connected to MongoDB!","level":"info"}
{"message":"# Initial Controllers","level":"info"}
{"message":"Server is started at http://localhost:3000","level":"info"}
{"message":"# Connected to MongoDB!","level":"info"}
{"message":"Server is started at http://localhost:3000","level":"info"}
{"message":"# Connected to MongoDB!","level":"info"}
{"message":"# Initial Controllers","level":"info"}
{"message":"Server is started at http://localhost:3000","level":"info"}
{"message":"# Connected to MongoDB!","level":"info"}
{"message":"# Initial Controllers","level":"info"}
{"message":"Server is started at http://localhost:3000","level":"info"}
{"message":"# Connected to MongoDB!","level":"info"}
{"message":"# Initial Controllers","level":"info"}
{"message":"Server is started at http://localhost:3000","level":"info"}
{"message":"# Connected to MongoDB!","level":"info"}
{"message":"# Initial Controllers","level":"info"}
{"message":"Server is started at http://localhost:3000","level":"info"}
{"message":"# Connected to MongoDB!","level":"info"}
{"message":"Server is started at http://localhost:3000","level":"info"}
{"message":"# Connected to MongoDB!","level":"info"}
{"message":"Server is started at http://localhost:3000","level":"info"}
{"message":"# Connected to MongoDB!","level":"info"}
{"message":"Server is started at http://localhost:3000","level":"info"}
{"message":"# Connected to MongoDB!","level":"info"}
{"message":"Server is started at http://localhost:3000","level":"info"}
{"message":"# Connected to MongoDB!","level":"info"}
{"message":"# Initial Controllers","level":"info"}
{"message":"Server is started at http://localhost:3000","level":"info"}
{"message":"# Connected to MongoDB!","level":"info"}
{"message":"# Initial Controllers","level":"info"}
{"message":"Server is started at http://localhost:3000","level":"info"}
{"message":"# Connected to MongoDB!","level":"info"}
{"message":"# Initial Controllers","level":"info"}
{"message":"Server is started at http://localhost:3000","level":"info"}
{"message":"# Connected to MongoDB!","level":"info"}
{"message":"# Initial Controllers","level":"info"}
